0 info it worked if it ends with ok
1 verbose cli [ '/usr/bin/node', '/usr/bin/npm', 'run', 'test' ]
2 info using npm@3.10.10
3 info using node@v6.9.3
4 verbose run-script [ 'pretest', 'test', 'posttest' ]
5 info lifecycle react-forms-state@1.0.0~pretest: react-forms-state@1.0.0
6 silly lifecycle react-forms-state@1.0.0~pretest: no script for pretest, continuing
7 info lifecycle react-forms-state@1.0.0~test: react-forms-state@1.0.0
8 verbose lifecycle react-forms-state@1.0.0~test: unsafe-perm in lifecycle true
9 verbose lifecycle react-forms-state@1.0.0~test: PATH: /usr/lib64/node_modules/npm/bin/node-gyp-bin:/home/alan/Documents/react/react-forms-state/node_modules/.bin:/usr/local/bin:/usr/bin:/bin
10 verbose lifecycle react-forms-state@1.0.0~test: CWD: /home/alan/Documents/react/react-forms-state
11 silly lifecycle react-forms-state@1.0.0~test: Args: [ '-c', 'jest' ]
12 info lifecycle react-forms-state@1.0.0~test: Failed to exec test script
13 verbose stack Error: react-forms-state@1.0.0 test: `jest`
13 verbose stack spawn ENOENT
13 verbose stack     at ChildProcess.<anonymous> (/usr/lib64/node_modules/npm/lib/utils/spawn.js:33:16)
13 verbose stack     at emitTwo (events.js:106:13)
13 verbose stack     at ChildProcess.emit (events.js:191:7)
13 verbose stack     at maybeClose (internal/child_process.js:877:16)
13 verbose stack     at Process.ChildProcess._handle.onexit (internal/child_process.js:226:5)
14 verbose pkgid react-forms-state@1.0.0
15 verbose cwd /home/alan/Documents/react/react-forms-state
16 error Linux 4.8.15
17 error argv "/usr/bin/node" "/usr/bin/npm" "run" "test"
18 error node v6.9.3
19 error npm  v3.10.10
20 error file sh
21 error code ELIFECYCLE
22 error errno ENOENT
23 error syscall spawn
24 error react-forms-state@1.0.0 test: `jest`
24 error spawn ENOENT
25 error Failed at the react-forms-state@1.0.0 test script 'jest'.
25 error Make sure you have the latest version of node.js and npm installed.
25 error If you do, this is most likely a problem with the react-forms-state package,
25 error not with npm itself.
25 error Tell the author that this fails on your system:
25 error     jest
25 error You can get information on how to open an issue for this project with:
25 error     npm bugs react-forms-state
25 error Or if that isn't available, you can get their info via:
25 error     npm owner ls react-forms-state
25 error There is likely additional logging output above.
26 verbose exit [ 1, true ]
